Using pre-set license
Built from '2020.3/staging' branch; Version is '2020.3.8f1 (507919d4fff5) revision 5273881'; Using compiler version '192528614'; Build Type 'Release'
OS: 'Windows 10 Home Single Language; OS build 19043.2130; Version 2009; 64bit' Language: 'es' Physical Memory: 16191 MB
BatchMode: 1, IsHumanControllingUs: 0, StartBugReporterOnCrash: 0, Is64bit: 1, IsPro: 0

 COMMAND LINE ARGUMENTS:
D:\Program Files (x86)\Unity\Editor\Unity.exe
-adb2
-batchMode
-noUpm
-name
AssetImportWorker0
-projectPath
D:/Archivos/New Folder/Proyecto/New Unity Project
-logFile
Logs/AssetImportWorker0.log
-srvPort
56992
Successfully changed project path to: D:/Archivos/New Folder/Proyecto/New Unity Project
D:/Archivos/New Folder/Proyecto/New Unity Project
Using Asset Import Pipeline V2.
Refreshing native plugins compatible for Editor in 21.87 ms, found 0 plugins.
Preloading 0 native plugins for Editor in 0.00 ms.
Initialize engine version: 2020.3.8f1 (507919d4fff5)
[Subsystems] Discovering subsystems at path D:/Program Files (x86)/Unity/Editor/Data/Resources/UnitySubsystems
[Subsystems] Discovering subsystems at path D:/Archivos/New Folder/Proyecto/New Unity Project/Assets
GfxDevice: creating device client; threaded=0
Direct3D:
    Version:  Direct3D 11.0 [level 11.1]
    Renderer: NVIDIA GeForce GTX 1050 (ID=0x1c8d)
    Vendor:   
    VRAM:     4019 MB
    Driver:   31.0.15.1694
Initialize mono
Mono path[0] = 'D:/Program Files (x86)/Unity/Editor/Data/Managed'
Mono path[1] = 'D:/Program Files (x86)/Unity/Editor/Data/MonoBleedingEdge/lib/mono/unityjit'
Mono config path = 'D:/Program Files (x86)/Unity/Editor/Data/MonoBleedingEdge/etc'
Using monoOptions --debugger-agent=transport=dt_socket,embedding=1,server=y,suspend=n,address=127.0.0.1:56904
Begin MonoManager ReloadAssembly
Registering precompiled unity dll's ...
Register platform support module: D:/Program Files (x86)/Unity/Editor/Data/PlaybackEngines/WindowsStandaloneSupport/UnityEditor.WindowsStandalone.Extensions.dll
Registered in 0.001037 seconds.
Native extension for WindowsStandalone target not found
Refreshing native plugins compatible for Editor in 22.90 ms, found 0 plugins.
Preloading 0 native plugins for Editor in 0.00 ms.
Mono: successfully reloaded assembly
- Completed reload, in  0.893 seconds
Platform modules already initialized, skipping
Registering precompiled user dll's ...
Registered in 0.000510 seconds.
Begin MonoManager ReloadAssembly
Native extension for WindowsStandalone target not found
Refreshing native plugins compatible for Editor in 0.19 ms, found 0 plugins.
Preloading 0 native plugins for Editor in 0.00 ms.
Mono: successfully reloaded assembly
- Completed reload, in  0.793 seconds
Platform modules already initialized, skipping
========================================================================
Worker process is ready to serve import requests
Launched and connected shader compiler UnityShaderCompiler.exe after 0.05 seconds
Refreshing native plugins compatible for Editor in 0.22 ms, found 0 plugins.
Preloading 0 native plugins for Editor in 0.00 ms.
Unloading 1131 Unused Serialized files (Serialized files now loaded: 0)
System memory in use before: 59.3 MB.
System memory in use after: 59.3 MB.

Unloading 10 unused Assets to reduce memory usage. Loaded Objects now: 1573.
Total: 1.673800 ms (FindLiveObjects: 0.127400 ms CreateObjectMapping: 0.031900 ms MarkObjects: 1.430200 ms  DeleteObjects: 0.083100 ms)

========================================================================
Received Import Request.
  path: Assets/SlimUI
  artifactKey: Guid(5633fea279a2e4c4f9edafaf4e8a8528) Importer(815301076,1909f56bfc062723c751e8b465ee728b)
Start importing Assets/SlimUI using Guid(5633fea279a2e4c4f9edafaf4e8a8528) Importer(815301076,1909f56bfc062723c751e8b465ee728b)  -> (artifact id: '31970cf884bc8c116dfaaea85eecaeaa') in 0.004181 seconds
  Import took 0.006341 seconds .

========================================================================
Received Import Request.
  Time since last request: 3.428304 seconds.
  path: Assets/SlimUI/READ ME.txt
  artifactKey: Guid(c5566e6dfd06e4d40aaa5bfe79dcd594) Importer(815301076,1909f56bfc062723c751e8b465ee728b)
Start importing Assets/SlimUI/READ ME.txt using Guid(c5566e6dfd06e4d40aaa5bfe79dcd594) Importer(815301076,1909f56bfc062723c751e8b465ee728b)  -> (artifact id: 'db8c92c41f5e3aa590c1f0a1fb8534ef') in 0.048131 seconds
  Import took 0.049947 seconds .

========================================================================
Received Import Request.
  Time since last request: 6.756412 seconds.
  path: Assets/SlimUI/Editor
  artifactKey: Guid(649bc3edd01f2aa4cbb2343e39aab556) Importer(815301076,1909f56bfc062723c751e8b465ee728b)
Start importing Assets/SlimUI/Editor using Guid(649bc3edd01f2aa4cbb2343e39aab556) Importer(815301076,1909f56bfc062723c751e8b465ee728b)  -> (artifact id: 'c2b89cd36e008cdc6cb2af4ed8b8294b') in 0.001073 seconds
  Import took 0.002683 seconds .

========================================================================
Received Import Request.
  Time since last request: 2.168182 seconds.
  path: Assets/SlimUI/Fonts/DOSIS-EXTRALIGHT.asset
  artifactKey: Guid(4ca4ddc56581da348b48fcb9563c0f5c) Importer(815301076,1909f56bfc062723c751e8b465ee728b)
Start importing Assets/SlimUI/Fonts/DOSIS-EXTRALIGHT.asset using Guid(4ca4ddc56581da348b48fcb9563c0f5c) Importer(815301076,1909f56bfc062723c751e8b465ee728b)  -> (artifact id: '521966b5b8db3d964890e9507ef5a030') in 0.225456 seconds
  Import took 0.227214 seconds .

========================================================================
Received Import Request.
  Time since last request: 0.000304 seconds.
  path: Assets/SlimUI/Fonts/DOSIS-MEDIUM.asset
  artifactKey: Guid(c9b5356971579494b9b27f0122ce83d1) Importer(815301076,1909f56bfc062723c751e8b465ee728b)
Start importing Assets/SlimUI/Fonts/DOSIS-MEDIUM.asset using Guid(c9b5356971579494b9b27f0122ce83d1) Importer(815301076,1909f56bfc062723c751e8b465ee728b)  -> (artifact id: 'd47285257b6f4a91f2916d6c63e718f2') in 0.090597 seconds
  Import took 0.092383 seconds .

========================================================================
Received Import Request.
  Time since last request: 0.721739 seconds.
  path: Assets/SlimUI/Tech Menu/Blue Cave.jpg
  artifactKey: Guid(4a20466c71187bb4fae78a47499b4c9c) Importer(815301076,1909f56bfc062723c751e8b465ee728b)
Start importing Assets/SlimUI/Tech Menu/Blue Cave.jpg using Guid(4a20466c71187bb4fae78a47499b4c9c) Importer(815301076,1909f56bfc062723c751e8b465ee728b)  -> (artifact id: 'e12b85ff4e33c84ba097cf62ca9468f2') in 0.054873 seconds
  Import took 0.056604 seconds .

========================================================================
Received Import Request.
  Time since last request: 11.716625 seconds.
  path: Assets/SlimUI/Tech Menu/Scenes
  artifactKey: Guid(535a8c5b7ad184b429d4c234651b7fed) Importer(815301076,1909f56bfc062723c751e8b465ee728b)
Start importing Assets/SlimUI/Tech Menu/Scenes using Guid(535a8c5b7ad184b429d4c234651b7fed) Importer(815301076,1909f56bfc062723c751e8b465ee728b)  -> (artifact id: 'f96492feca2a30ce33abdee908c9871b') in 0.001074 seconds
  Import took 0.002775 seconds .

========================================================================
Received Import Request.
  Time since last request: 4.372219 seconds.
  path: Assets/SlimUI/Tech Menu/Scenes/Tech Demo Scene.unity
  artifactKey: Guid(bebc050756972234eb97d414dab7df66) Importer(815301076,1909f56bfc062723c751e8b465ee728b)
Start importing Assets/SlimUI/Tech Menu/Scenes/Tech Demo Scene.unity using Guid(bebc050756972234eb97d414dab7df66) Importer(815301076,1909f56bfc062723c751e8b465ee728b)  -> (artifact id: '0a6e1e9729449aa0cfc49fbab2be224c') in 0.001766 seconds
  Import took 0.003753 seconds .

========================================================================
Received Import Request.
  Time since last request: 64.548900 seconds.
  path: Assets/SlimUI/Tech Menu/Scenes/SecondScene.unity
  artifactKey: Guid(a797fa8dc8d369d469ffa5e670be0b71) Importer(815301076,1909f56bfc062723c751e8b465ee728b)
Start importing Assets/SlimUI/Tech Menu/Scenes/SecondScene.unity using Guid(a797fa8dc8d369d469ffa5e670be0b71) Importer(815301076,1909f56bfc062723c751e8b465ee728b)  -> (artifact id: '749a5dd4bdf39c952c66cd99d7d4e58e') in 0.001316 seconds
  Import took 0.003245 seconds .

========================================================================
Received Prepare
Registering precompiled user dll's ...
Registered in 0.000541 seconds.
Begin MonoManager ReloadAssembly
Native extension for WindowsStandalone target not found
Refreshing native plugins compatible for Editor in 0.18 ms, found 0 plugins.
Preloading 0 native plugins for Editor in 0.00 ms.
Mono: successfully reloaded assembly
- Completed reload, in  0.669 seconds
Platform modules already initialized, skipping
Refreshing native plugins compatible for Editor in 0.19 ms, found 0 plugins.
Preloading 0 native plugins for Editor in 0.00 ms.
Unloading 1114 Unused Serialized files (Serialized files now loaded: 0)
System memory in use before: 61.4 MB.
System memory in use after: 61.5 MB.

Unloading 5 unused Assets to reduce memory usage. Loaded Objects now: 1621.
Total: 1.621200 ms (FindLiveObjects: 0.128100 ms CreateObjectMapping: 0.030600 ms MarkObjects: 1.407000 ms  DeleteObjects: 0.054400 ms)

========================================================================
Received Prepare
Registering precompiled user dll's ...
Registered in 0.001328 seconds.
Begin MonoManager ReloadAssembly
Native extension for WindowsStandalone target not found
Refreshing native plugins compatible for Editor in 0.44 ms, found 0 plugins.
Preloading 0 native plugins for Editor in 0.00 ms.
Mono: successfully reloaded assembly
- Completed reload, in  1.033 seconds
Platform modules already initialized, skipping
Refreshing native plugins compatible for Editor in 0.34 ms, found 0 plugins.
Preloading 0 native plugins for Editor in 0.00 ms.
Unloading 1114 Unused Serialized files (Serialized files now loaded: 0)
System memory in use before: 61.4 MB.
System memory in use after: 61.5 MB.

Unloading 5 unused Assets to reduce memory usage. Loaded Objects now: 1624.
Total: 3.047900 ms (FindLiveObjects: 0.157200 ms CreateObjectMapping: 0.052300 ms MarkObjects: 2.762100 ms  DeleteObjects: 0.074700 ms)

========================================================================
Received Prepare
Registering precompiled user dll's ...
Registered in 0.000579 seconds.
Begin MonoManager ReloadAssembly
Native extension for WindowsStandalone target not found
Refreshing native plugins compatible for Editor in 0.19 ms, found 0 plugins.
Preloading 0 native plugins for Editor in 0.00 ms.
Mono: successfully reloaded assembly
- Completed reload, in  0.678 seconds
Platform modules already initialized, skipping
Refreshing native plugins compatible for Editor in 0.19 ms, found 0 plugins.
Preloading 0 native plugins for Editor in 0.00 ms.
Unloading 1114 Unused Serialized files (Serialized files now loaded: 0)
System memory in use before: 61.4 MB.
System memory in use after: 61.5 MB.

Unloading 5 unused Assets to reduce memory usage. Loaded Objects now: 1627.
Total: 1.555500 ms (FindLiveObjects: 0.132600 ms CreateObjectMapping: 0.034300 ms MarkObjects: 1.338600 ms  DeleteObjects: 0.048900 ms)

AssetImportWorkerClient::OnTransportError - code=2 error=End of file
